<?xml version="1.0" encoding="UTF-8"?>
<!-- Generated by org.testng.reporters.JUnitReportReporter -->
<testsuite skipped="0" hostname="LAPTOP-3BLR436V" name="AssignmentToTest.SecurityTest" tests="1" failures="0" timestamp="2021-03-04T00:41:17 MST" time="0.574" errors="0">
  <testcase name="VerifyLogin" time="0.574" classname="AssignmentToTest.SecurityTest"/>
  <system-out/>
</testsuite> <!-- AssignmentToTest.SecurityTest -->
