<?xml version="1.0" encoding="UTF-8"?>
<!-- Generated by org.testng.reporters.JUnitReportReporter -->
<testsuite skipped="0" hostname="LAPTOP-3BLR436V" name="AssignmentToTest.VerifyLoginBtnVissibility" tests="1" failures="0" timestamp="2021-03-04T00:38:19 MST" time="0.035" errors="0">
  <testcase name="verifyLoginBtnVisibility" time="0.035" classname="AssignmentToTest.VerifyLoginBtnVissibility"/>
  <system-out/>
</testsuite> <!-- AssignmentToTest.VerifyLoginBtnVissibility -->
